{
  "RSpec": {
    "coverage": {
      "/Users/Andrea/Dropbox/Programming/repos/email-analytics/app/helpers/analytics_helper.rb": [
        1,
        null
      ],
      "/Users/Andrea/Dropbox/Programming/repos/email-analytics/app/helpers/application_helper.rb": [
        1,
        null
      ],
      "/Users/Andrea/Dropbox/Programming/repos/email-analytics/app/helpers/email_events_helper.rb": [
        1,
        null
      ],
      "/Users/Andrea/Dropbox/Programming/repos/email-analytics/app/controllers/analytics_controller.rb": [
        1,
        1,
        8,
        null,
        null
      ],
      "/Users/Andrea/Dropbox/Programming/repos/email-analytics/app/controllers/application_controller.rb": [
        1,
        1,
        null
      ],
      "/Users/Andrea/Dropbox/Programming/repos/email-analytics/app/models/analytics.rb": [
        1,
        null,
        1,
        26,
        null,
        null,
        1,
        16,
        16,
        null,
        16,
        16,
        null,
        16,
        5,
        null,
        null,
        1,
        10,
        null,
        null
      ],
      "/Users/Andrea/Dropbox/Programming/repos/email-analytics/app/models/email_event.rb": [
        1,
        null,
        1,
        1,
        1,
        1,
        1,
        1,
        null,
        null,
        null
      ],
      "/Users/Andrea/Dropbox/Programming/repos/email-analytics/app/models/application_record.rb": [
        1,
        1,
        null
      ],
      "/Users/Andrea/Dropbox/Programming/repos/email-analytics/app/controllers/email_events_controller.rb": [
        0,
        0,
        0,
        0,
        0,
        0,
        0,
        0,
        0,
        0,
        0
      ]
    },
    "timestamp": 1471771267
  }
}
